<?xml version="1.0" encoding="UTF-8"?>
<!-- Generated by org.testng.reporters.JUnitReportReporter -->
<testsuite hostname="DESKTOP-HL2RFJO" failures="0" tests="1" name="web.demoblaze.testlayer.C_CartpageTest" time="5.749" errors="0" timestamp="2025-04-01T11:22:13 IST" skipped="0">
  <testcase classname="web.demoblaze.testlayer.C_CartpageTest" name="addToCartProduct" time="5.749"/>
</testsuite> <!-- web.demoblaze.testlayer.C_CartpageTest -->
