<?xml version="1.0" encoding="UTF-8"?>
<!-- Generated by org.testng.reporters.JUnitReportReporter -->
<testsuite hostname="DESKTOP-HL2RFJO" failures="0" tests="6" name="web.demoblaze.testlayer.A_Registerpage_Test" time="4.394" errors="0" timestamp="2025-04-01T11:22:13 IST" skipped="0">
  <testcase classname="web.demoblaze.testlayer.A_Registerpage_Test" name="Verify_Signuppage_Closebutton" time="1.009"/>
  <testcase classname="web.demoblaze.testlayer.A_Registerpage_Test" name="Verify_clickSignuppage_without_username_password" time="0.444"/>
  <testcase classname="web.demoblaze.testlayer.A_Registerpage_Test" name="Verify_Signuppage_without_password" time="0.376"/>
  <testcase classname="web.demoblaze.testlayer.A_Registerpage_Test" name="Verify_Signuppage_without_Username" time="0.276"/>
  <testcase classname="web.demoblaze.testlayer.A_Registerpage_Test" name="Verify_Signuppage_with_Username_Password_Already_Exit" time="1.488"/>
  <testcase classname="web.demoblaze.testlayer.A_Registerpage_Test" name="Verify_Signuppage_with_Username_Password" time="0.801"/>
</testsuite> <!-- web.demoblaze.testlayer.A_Registerpage_Test -->
