<?xml version="1.0" encoding="UTF-8"?>
<!-- Generated by org.testng.reporters.JUnitReportReporter -->
<testsuite hostname="DESKTOP-HL2RFJO" failures="0" tests="6" name="web.demoblaze.testlayer.A_Registerpage_Test" time="4.273" errors="0" timestamp="2025-04-01T15:10:57 IST" skipped="0">
  <testcase classname="web.demoblaze.testlayer.A_Registerpage_Test" name="Verify_Signuppage_Closebutton" time="0.929"/>
  <testcase classname="web.demoblaze.testlayer.A_Registerpage_Test" name="Verify_clickSignuppage_without_username_password" time="0.400"/>
  <testcase classname="web.demoblaze.testlayer.A_Registerpage_Test" name="Verify_Signuppage_without_password" time="0.366"/>
  <testcase classname="web.demoblaze.testlayer.A_Registerpage_Test" name="Verify_Signuppage_without_Username" time="0.272"/>
  <testcase classname="web.demoblaze.testlayer.A_Registerpage_Test" name="Verify_Signuppage_with_Username_Password_Already_Exit" time="1.515"/>
  <testcase classname="web.demoblaze.testlayer.A_Registerpage_Test" name="Verify_Signuppage_with_Username_Password" time="0.791"/>
</testsuite> <!-- web.demoblaze.testlayer.A_Registerpage_Test -->
