<?xml version="1.0" encoding="UTF-8"?>
<!-- Generated by org.testng.reporters.JUnitReportReporter -->
<testsuite hostname="DESKTOP-HL2RFJO" failures="0" tests="6" name="web.demoblaze.testlayer.B_Loginpage_Test" time="3.982" errors="0" timestamp="2025-04-01T11:22:13 IST" skipped="0">
  <testcase classname="web.demoblaze.testlayer.B_Loginpage_Test" name="Verify_Loginpage_Closebutton" time="1.026"/>
  <testcase classname="web.demoblaze.testlayer.B_Loginpage_Test" name="Verify_Loginpage_Without_UsernamePassword" time="0.414"/>
  <testcase classname="web.demoblaze.testlayer.B_Loginpage_Test" name="Verify_Loginpage_Without_Password" time="0.443"/>
  <testcase classname="web.demoblaze.testlayer.B_Loginpage_Test" name="Verify_Loginpage_Without_Username" time="0.360"/>
  <testcase classname="web.demoblaze.testlayer.B_Loginpage_Test" name="Verify_Loginpage_With_UsernamePassword_notexist" time="1.495"/>
  <testcase classname="web.demoblaze.testlayer.B_Loginpage_Test" name="Verify_Loginpage_With_UsernamePassword" time="0.244"/>
</testsuite> <!-- web.demoblaze.testlayer.B_Loginpage_Test -->
